2023-01-25T05:59:40+00:00 CRITICAL Maximum execution time of 120 seconds exceeded in C:\xampp\htdocs\markiting\wp-content\plugins\elementskit-lite\widgets\social-share\social-share.php on line 7

2023-01-25T06:01:27+00:00 CRITICAL Uncaught Error: Failed opening required 'C:\xampp\htdocs\markiting\wp-content\plugins\premium-addons-for-elementor/widgets/premium-nav-menu.php' (include_path='C:\xampp\php\PEAR') in C:\xampp\htdocs\markiting\wp-content\plugins\premium-addons-for-elementor\includes\addons-integration.php:1015
Stack trace:
#0 C:\xampp\htdocs\markiting\wp-content\plugins\premium-addons-for-elementor\includes\addons-integration.php(853): PremiumAddons\Includes\Addons_Integration->register_addon('C:\\xampp\\htdocs...')
#1 C:\xampp\htdocs\markiting\wp-content\plugins\premium-addons-for-elementor\includes\addons-integration.php(823): PremiumAddons\Includes\Addons_Integration->widgets_register()
#2 C:\xampp\htdocs\markiting\wp-includes\class-wp-hook.php(308): PremiumAddons\Includes\Addons_Integration->widgets_area(Object(Elementor\Widgets_Manager))
#3 C:\xampp\htdocs\markiting\wp-includes\class-wp-hook.php(332): WP_Hook->apply_filters(NULL, Array)
#4 C:\xampp\htdocs\markiting\wp-includes\plugin.php(517): WP_Hook->do_action(Array)
#5 C:\xampp\htdocs\markiting\wp-content\plugins\elementor\includes\managers\widgets.php(122): do_action('elementor/widge...', Object(Elementor\Widgets_Manager))
#6 C:\xampp\htdocs\markiting\wp-content\plugins\elementor\includes\managers\widgets.php(327): Elementor\Widgets_Manager->init_widgets()
#7 C:\xampp\htdocs\markiting\wp-content\plugins\elementor\includes\elements\column.php(1060): Elementor\Widgets_Manager->get_widget_types('heading')
#8 C:\xampp\htdocs\markiting\wp-content\plugins\elementor\includes\base\element-base.php(1414): Elementor\Element_Column->_get_default_child_type(Array)
#9 C:\xampp\htdocs\markiting\wp-content\plugins\elementor\includes\base\element-base.php(340): Elementor\Element_Base->get_child_type(Array)
#10 C:\xampp\htdocs\markiting\wp-content\plugins\elementor\includes\base\element-base.php(1459): Elementor\Element_Base->add_child(Array)
#11 C:\xampp\htdocs\markiting\wp-content\plugins\elementor\includes\base\element-base.php(300): Elementor\Element_Base->init_children()
#12 C:\xampp\htdocs\markiting\wp-content\plugins\elementor\core\dynamic-tags\dynamic-css.php(35): Elementor\Element_Base->get_children()
#13 C:\xampp\htdocs\markiting\wp-content\plugins\elementor\core\dynamic-tags\dynamic-css.php(36): Elementor\Core\DynamicTags\Dynamic_CSS->render_styles(Object(Elementor\Element_Column))
#14 C:\xampp\htdocs\markiting\wp-content\plugins\elementor\core\dynamic-tags\dynamic-css.php(36): Elementor\Core\DynamicTags\Dynamic_CSS->render_styles(Object(Elementor\Element_Section))
#15 C:\xampp\htdocs\markiting\wp-content\plugins\elementor\core\dynamic-tags\dynamic-css.php(36): Elementor\Core\DynamicTags\Dynamic_CSS->render_styles(Object(Elementor\Element_Column))
#16 C:\xampp\htdocs\markiting\wp-content\plugins\elementor\core\files\css\post.php(178): Elementor\Core\DynamicTags\Dynamic_CSS->render_styles(Object(Elementor\Element_Section))
#17 C:\xampp\htdocs\markiting\wp-content\plugins\elementor\core\files\css\base.php(651): Elementor\Core\Files\CSS\Post->render_css()
#18 C:\xampp\htdocs\markiting\wp-content\plugins\elementor\core\files\base.php(180): Elementor\Core\Files\CSS\Base->parse_content()
#19 C:\xampp\htdocs\markiting\wp-content\plugins\elementor\core\files\css\base.php(130): Elementor\Core\Files\Base->update_file()
#20 C:\xampp\htdocs\markiting\wp-content\plugins\elementor\core\files\css\base.php(217): Elementor\Core\Files\CSS\Base->update()
#21 C:\xampp\htdocs\markiting\wp-content\plugins\elementor\core\files\css\post.php(201): Elementor\Core\Files\CSS\Base->enqueue()
#22 C:\xampp\htdocs\markiting\wp-content\plugins\elementor\core\dynamic-tags\manager.php(485): Elementor\Core\Files\CSS\Post->enqueue()
#23 C:\xampp\htdocs\markiting\wp-includes\class-wp-hook.php(308): Elementor\Core\DynamicTags\Manager->after_enqueue_post_css(Object(Elementor\Core\DynamicTags\Dynamic_CSS))
#24 C:\xampp\htdocs\markiting\wp-includes\class-wp-hook.php(332): WP_Hook->apply_filters('', Array)
#25 C:\xampp\htdocs\markiting\wp-includes\plugin.php(517): WP_Hook->do_action(Array)
#26 C:\xampp\htdocs\markiting\wp-content\plugins\elementor\core\files\css\base.php(264): do_action('elementor/css-f...', Object(Elementor\Core\Files\CSS\Post))
#27 C:\xampp\htdocs\markiting\wp-content\plugins\elementor\core\files\css\post.php(201): Elementor\Core\Files\CSS\Base->enqueue()
#28 C:\xampp\htdocs\markiting\wp-content\plugins\elementor\includes\frontend.php(650): Elementor\Core\Files\CSS\Post->enqueue()
#29 C:\xampp\htdocs\markiting\wp-includes\class-wp-hook.php(308): Elementor\Frontend->enqueue_styles('')
#30 C:\xampp\htdocs\markiting\wp-includes\class-wp-hook.php(332): WP_Hook->apply_filters(NULL, Array)
#31 C:\xampp\htdocs\markiting\wp-includes\plugin.php(517): WP_Hook->do_action(Array)
#32 C:\xampp\htdocs\markiting\wp-includes\script-loader.php(2180): do_action('wp_enqueue_scri...')
#33 C:\xampp\htdocs\markiting\wp-includes\class-wp-hook.php(308): wp_enqueue_scripts('')
#34 C:\xampp\htdocs\markiting\wp-includes\class-wp-hook.php(332): WP_Hook->apply_filters(NULL, Array)
#35 C:\xampp\htdocs\markiting\wp-includes\plugin.php(517): WP_Hook->do_action(Array)
#36 C:\xampp\htdocs\markiting\wp-includes\general-template.php(3043): do_action('wp_head')
#37 C:\xampp\htdocs\markiting\wp-content\themes\oceanwp\header.php(15): wp_head()
#38 C:\xampp\htdocs\markiting\wp-includes\template.php(783): require_once('C:\\xampp\\htdocs...')
#39 C:\xampp\htdocs\markiting\wp-includes\template.php(718): load_template('C:\\xampp\\htdocs...', true, Array)
#40 C:\xampp\htdocs\markiting\wp-includes\general-template.php(48): locate_template(Array, true, true, Array)
#41 C:\xampp\htdocs\markiting\wp-content\themes\oceanwp\page.php(12): get_header()
#42 C:\xampp\htdocs\markiting\wp-includes\template-loader.php(106): include('C:\\xampp\\htdocs...')
#43 C:\xampp\htdocs\markiting\wp-blog-header.php(19): require_once('C:\\xampp\\htdocs...')
#44 C:\xampp\htdocs\markiting\index.php(17): require('C:\\xampp\\htdocs...')
#45 {main}
  thrown in C:\xampp\htdocs\markiting\wp-content\plugins\premium-addons-for-elementor\includes\addons-integration.php on line 1015

2023-01-25T06:51:57+00:00 CRITICAL Maximum execution time of 120 seconds exceeded in C:\xampp\htdocs\markiting\wp-content\plugins\ocean-extra\includes\widgets\social.php on line 10

